Server is listening on port 8080...
signal: interrupt
Server is listening on port 8080...
signerAccount.Address: 0xf5532566bc1021868c009fd142a6a9d868248c4eb9cdf17018e848dfa4956c31
unexpected end of JSON input
signerAccount.Address: 0xf5532566bc1021868c009fd142a6a9d868248c4eb9cdf17018e848dfa4956c31
unexpected end of JSON input
signerAccount.Address: 0xf5532566bc1021868c009fd142a6a9d868248c4eb9cdf17018e848dfa4956c31
signerAccount.Address: 0xf5532566bc1021868c009fd142a6a9d868248c4eb9cdf17018e848dfa4956c31
unexpected end of JSON input
signerAccount.Address: 0xf5532566bc1021868c009fd142a6a9d868248c4eb9cdf17018e848dfa4956c31
signal: killed
Server is listening on port 8080...
ragcoonStagedID 0x68e7482eb88d2bfe57481a8078ed447bc50c00f7487d9484bc00b9e49c0c7986
creatorAddress 0xf198e18244c884915ce1c407ebb6c4c7809f7d53e06dbd745f60c2c15a0de955
signerAccount.Address: 0xf5532566bc1021868c009fd142a6a9d868248c4eb9cdf17018e848dfa4956c31
unexpected end of JSON input
signerAccount.Address: 0xf5532566bc1021868c009fd142a6a9d868248c4eb9cdf17018e848dfa4956c31
unexpected end of JSON input
ragcoonStagedID 0x68e7482eb88d2bfe57481a8078ed447bc50c00f7487d9484bc00b9e49c0c7986
creatorAddress 0x28ccfb7702648d63ea9570f26b4c93ac14b9d427362af9a64add2808efed3560
signerAccount.Address: 0xf5532566bc1021868c009fd142a6a9d868248c4eb9cdf17018e848dfa4956c31
signerAccount.Address: 0xf5532566bc1021868c009fd142a6a9d868248c4eb9cdf17018e848dfa4956c31
